[3.300s] Invoking command in '/home/jasper/dev/zed_opencv_pi/src/zed_cv': PYTHONPATH=/home/jasper/dev/zed_opencv_pi/install/zed_cv/lib/python3.8/site-packages:${PYTHONPATH} /usr/bin/python3 setup.py egg_info --egg-base ../../build/zed_cv build --build-base /home/jasper/dev/zed_opencv_pi/build/zed_cv/build install --prefix /home/jasper/dev/zed_opencv_pi/install/zed_cv --record /home/jasper/dev/zed_opencv_pi/build/zed_cv/install.log --single-version-externally-managed
[3.961s] /home/jasper/.local/lib/python3.8/site-packages/setuptools/dist.py:771: UserWarning: Usage of dash-separated 'script-dir' will not be supported in future versions. Please use the underscore name 'script_dir' instead
[3.962s]   warnings.warn(
[3.962s] /home/jasper/.local/lib/python3.8/site-packages/setuptools/dist.py:771: UserWarning: Usage of dash-separated 'install-scripts' will not be supported in future versions. Please use the underscore name 'install_scripts' instead
[3.962s]   warnings.warn(
[4.140s] running egg_info
[4.169s] writing ../../build/zed_cv/zed_cv.egg-info/PKG-INFO
[4.170s] writing dependency_links to ../../build/zed_cv/zed_cv.egg-info/dependency_links.txt
[4.170s] writing entry points to ../../build/zed_cv/zed_cv.egg-info/entry_points.txt
[4.171s] writing requirements to ../../build/zed_cv/zed_cv.egg-info/requires.txt
[4.171s] writing top-level names to ../../build/zed_cv/zed_cv.egg-info/top_level.txt
[4.275s] reading manifest file '../../build/zed_cv/zed_cv.egg-info/SOURCES.txt'
[4.277s] writing manifest file '../../build/zed_cv/zed_cv.egg-info/SOURCES.txt'
[4.278s] running build
[4.278s] running build_py
[4.278s] copying zed_cv/zed_pub.py -> /home/jasper/dev/zed_opencv_pi/build/zed_cv/build/lib/zed_cv
[4.278s] copying zed_cv/zed_sub.py -> /home/jasper/dev/zed_opencv_pi/build/zed_cv/build/lib/zed_cv
[4.279s] running install
[4.309s] /home/jasper/.local/lib/python3.8/site-packages/setuptools/command/install.py:34: SetuptoolsDeprecationWarning: setup.py install is deprecated. Use build and pip and other standards-based tools.
[4.309s]   warnings.warn(
[4.316s] running install_lib
[4.344s] copying /home/jasper/dev/zed_opencv_pi/build/zed_cv/build/lib/zed_cv/zed_pub.py -> /home/jasper/dev/zed_opencv_pi/install/zed_cv/lib/python3.8/site-packages/zed_cv
[4.345s] copying /home/jasper/dev/zed_opencv_pi/build/zed_cv/build/lib/zed_cv/zed_sub.py -> /home/jasper/dev/zed_opencv_pi/install/zed_cv/lib/python3.8/site-packages/zed_cv
[4.346s] byte-compiling /home/jasper/dev/zed_opencv_pi/install/zed_cv/lib/python3.8/site-packages/zed_cv/zed_pub.py to zed_pub.cpython-38.pyc
[4.347s] byte-compiling /home/jasper/dev/zed_opencv_pi/install/zed_cv/lib/python3.8/site-packages/zed_cv/zed_sub.py to zed_sub.cpython-38.pyc
[4.348s] running install_data
[4.377s] running install_egg_info
[4.408s] removing '/home/jasper/dev/zed_opencv_pi/install/zed_cv/lib/python3.8/site-packages/zed_cv-0.0.0-py3.8.egg-info' (and everything under it)
[4.408s] Copying ../../build/zed_cv/zed_cv.egg-info to /home/jasper/dev/zed_opencv_pi/install/zed_cv/lib/python3.8/site-packages/zed_cv-0.0.0-py3.8.egg-info
[4.410s] running install_scripts
[4.547s] Installing zed_pub script to /home/jasper/dev/zed_opencv_pi/install/zed_cv/lib/zed_cv
[4.547s] Installing zed_sub script to /home/jasper/dev/zed_opencv_pi/install/zed_cv/lib/zed_cv
[4.548s] writing list of installed files to '/home/jasper/dev/zed_opencv_pi/build/zed_cv/install.log'
[4.635s] Invoked command in '/home/jasper/dev/zed_opencv_pi/src/zed_cv' returned '0': PYTHONPATH=/home/jasper/dev/zed_opencv_pi/install/zed_cv/lib/python3.8/site-packages:${PYTHONPATH} /usr/bin/python3 setup.py egg_info --egg-base ../../build/zed_cv build --build-base /home/jasper/dev/zed_opencv_pi/build/zed_cv/build install --prefix /home/jasper/dev/zed_opencv_pi/install/zed_cv --record /home/jasper/dev/zed_opencv_pi/build/zed_cv/install.log --single-version-externally-managed
