[1.942s] Invoking command in '/home/jasper/dev/zed_opencv_pi/src/zed_cv': PYTHONPATH=/home/jasper/dev/zed_opencv_pi/install/zed_cv/lib/python3.8/site-packages:${PYTHONPATH} /usr/bin/python3 setup.py egg_info --egg-base ../../build/zed_cv build --build-base /home/jasper/dev/zed_opencv_pi/build/zed_cv/build install --prefix /home/jasper/dev/zed_opencv_pi/install/zed_cv --record /home/jasper/dev/zed_opencv_pi/build/zed_cv/install.log --single-version-externally-managed
[2.355s] /home/jasper/.local/lib/python3.8/site-packages/setuptools/dist.py:771: UserWarning: Usage of dash-separated 'script-dir' will not be supported in future versions. Please use the underscore name 'script_dir' instead
[2.355s]   warnings.warn(
[2.356s] /home/jasper/.local/lib/python3.8/site-packages/setuptools/dist.py:771: UserWarning: Usage of dash-separated 'install-scripts' will not be supported in future versions. Please use the underscore name 'install_scripts' instead
[2.356s]   warnings.warn(
[2.475s] running egg_info
[2.491s] writing ../../build/zed_cv/zed_cv.egg-info/PKG-INFO
[2.491s] writing dependency_links to ../../build/zed_cv/zed_cv.egg-info/dependency_links.txt
[2.491s] writing entry points to ../../build/zed_cv/zed_cv.egg-info/entry_points.txt
[2.492s] writing requirements to ../../build/zed_cv/zed_cv.egg-info/requires.txt
[2.492s] writing top-level names to ../../build/zed_cv/zed_cv.egg-info/top_level.txt
[2.535s] reading manifest file '../../build/zed_cv/zed_cv.egg-info/SOURCES.txt'
[2.537s] writing manifest file '../../build/zed_cv/zed_cv.egg-info/SOURCES.txt'
[2.537s] running build
[2.537s] running build_py
[2.538s] copying zed_cv/zed_pub.py -> /home/jasper/dev/zed_opencv_pi/build/zed_cv/build/lib/zed_cv
[2.538s] copying zed_cv/zed_sub.py -> /home/jasper/dev/zed_opencv_pi/build/zed_cv/build/lib/zed_cv
[2.538s] running install
[2.539s] /home/jasper/.local/lib/python3.8/site-packages/setuptools/command/install.py:34: SetuptoolsDeprecationWarning: setup.py install is deprecated. Use build and pip and other standards-based tools.
[2.539s]   warnings.warn(
[2.546s] running install_lib
[2.563s] copying /home/jasper/dev/zed_opencv_pi/build/zed_cv/build/lib/zed_cv/zed_pub.py -> /home/jasper/dev/zed_opencv_pi/install/zed_cv/lib/python3.8/site-packages/zed_cv
[2.563s] copying /home/jasper/dev/zed_opencv_pi/build/zed_cv/build/lib/zed_cv/zed_sub.py -> /home/jasper/dev/zed_opencv_pi/install/zed_cv/lib/python3.8/site-packages/zed_cv
[2.564s] byte-compiling /home/jasper/dev/zed_opencv_pi/install/zed_cv/lib/python3.8/site-packages/zed_cv/zed_pub.py to zed_pub.cpython-38.pyc
[2.565s] byte-compiling /home/jasper/dev/zed_opencv_pi/install/zed_cv/lib/python3.8/site-packages/zed_cv/zed_sub.py to zed_sub.cpython-38.pyc
[2.566s] running install_data
[2.582s] running install_egg_info
[2.598s] removing '/home/jasper/dev/zed_opencv_pi/install/zed_cv/lib/python3.8/site-packages/zed_cv-0.0.0-py3.8.egg-info' (and everything under it)
[2.598s] Copying ../../build/zed_cv/zed_cv.egg-info to /home/jasper/dev/zed_opencv_pi/install/zed_cv/lib/python3.8/site-packages/zed_cv-0.0.0-py3.8.egg-info
[2.599s] running install_scripts
[2.688s] Installing zed_pub script to /home/jasper/dev/zed_opencv_pi/install/zed_cv/lib/zed_cv
[2.689s] Installing zed_sub script to /home/jasper/dev/zed_opencv_pi/install/zed_cv/lib/zed_cv
[2.689s] writing list of installed files to '/home/jasper/dev/zed_opencv_pi/build/zed_cv/install.log'
[2.760s] Invoked command in '/home/jasper/dev/zed_opencv_pi/src/zed_cv' returned '0': PYTHONPATH=/home/jasper/dev/zed_opencv_pi/install/zed_cv/lib/python3.8/site-packages:${PYTHONPATH} /usr/bin/python3 setup.py egg_info --egg-base ../../build/zed_cv build --build-base /home/jasper/dev/zed_opencv_pi/build/zed_cv/build install --prefix /home/jasper/dev/zed_opencv_pi/install/zed_cv --record /home/jasper/dev/zed_opencv_pi/build/zed_cv/install.log --single-version-externally-managed
