[2.639s] DEBUG:colcon:Command line arguments: ['/usr/bin/colcon', 'build']
[2.639s] DEBUG:colcon:Parsed command line arguments: Namespace(allow_overriding=[], ament_cmake_args=None, base_paths=['.'], build_base='build', catkin_cmake_args=None, catkin_skip_building_tests=False, cmake_args=None, cmake_clean_cache=False, cmake_clean_first=False, cmake_force_configure=False, cmake_target=None, cmake_target_skip_unavailable=False, continue_on_error=False, event_handlers=None, executor='parallel', ignore_user_meta=False, install_base='install', log_base=None, log_level=None, main=<bound method BuildVerb.main of <colcon_core.verb.build.BuildVerb object at 0x7fcc0f2472e0>>, merge_install=False, metas=['./colcon.meta'], packages_above=None, packages_above_and_dependencies=None, packages_above_depth=None, packages_end=None, packages_ignore=None, packages_ignore_regex=None, packages_select=None, packages_select_build_failed=False, packages_select_by_dep=None, packages_select_regex=None, packages_select_test_failures=False, packages_skip=None, packages_skip_build_finished=False, packages_skip_by_dep=None, packages_skip_regex=None, packages_skip_test_passed=False, packages_skip_up_to=None, packages_start=None, packages_up_to=None, packages_up_to_regex=None, parallel_workers=4, paths=None, symlink_install=False, test_result_base=None, verb_extension=<colcon_core.verb.build.BuildVerb object at 0x7fcc0f2472e0>, verb_name='build', verb_parser=<colcon_defaults.argument_parser.defaults.DefaultArgumentsDecorator object at 0x7fcc0f0b5ac0>)
[2.863s] Level 1:colcon.colcon_core.package_discovery:discover_packages(colcon_meta) check parameters
[2.863s] Level 1:colcon.colcon_core.package_discovery:discover_packages(recursive) check parameters
[2.863s] Level 1:colcon.colcon_core.package_discovery:discover_packages(ignore) check parameters
[2.863s] Level 1:colcon.colcon_core.package_discovery:discover_packages(path) check parameters
[2.863s] Level 1:colcon.colcon_core.package_discovery:discover_packages(colcon_meta) discover
[2.863s] Level 1:colcon.colcon_core.package_discovery:discover_packages(recursive) discover
[2.863s] INFO:colcon.colcon_core.package_discovery:Crawling recursively for packages in '/home/jasper/dev/zed_opencv_pi'
[2.864s] Level 1:colcon.colcon_core.package_identification:_identify(.) by extensions ['ignore', 'ignore_ament_install']
[2.864s] Level 1:colcon.colcon_core.package_identification:_identify(.) by extension 'ignore'
[2.864s] Level 1:colcon.colcon_core.package_identification:_identify(.) by extension 'ignore_ament_install'
[2.864s] Level 1:colcon.colcon_core.package_identification:_identify(.) by extensions ['colcon_pkg']
[2.864s] Level 1:colcon.colcon_core.package_identification:_identify(.) by extension 'colcon_pkg'
[2.864s] Level 1:colcon.colcon_core.package_identification:_identify(.) by extensions ['colcon_meta']
[2.864s] Level 1:colcon.colcon_core.package_identification:_identify(.) by extension 'colcon_meta'
[2.864s] Level 1:colcon.colcon_core.package_identification:_identify(.) by extensions ['ros']
[2.864s] Level 1:colcon.colcon_core.package_identification:_identify(.) by extension 'ros'
[2.887s] Level 1:colcon.colcon_core.package_identification:_identify(.) by extensions ['cmake', 'python']
[2.887s] Level 1:colcon.colcon_core.package_identification:_identify(.) by extension 'cmake'
[2.887s] Level 1:colcon.colcon_core.package_identification:_identify(.) by extension 'python'
[2.888s] Level 1:colcon.colcon_core.package_identification:_identify(.) by extensions ['python_setup_py']
[2.888s] Level 1:colcon.colcon_core.package_identification:_identify(.) by extension 'python_setup_py'
[2.888s] Level 1:colcon.colcon_core.package_identification:_identify(build) by extensions ['ignore', 'ignore_ament_install']
[2.888s] Level 1:colcon.colcon_core.package_identification:_identify(build) by extension 'ignore'
[2.888s] Level 1:colcon.colcon_core.package_identification:_identify(build) ignored
[2.888s] Level 1:colcon.colcon_core.package_identification:_identify(install) by extensions ['ignore', 'ignore_ament_install']
[2.888s] Level 1:colcon.colcon_core.package_identification:_identify(install) by extension 'ignore'
[2.888s] Level 1:colcon.colcon_core.package_identification:_identify(install) ignored
[2.888s] Level 1:colcon.colcon_core.package_identification:_identify(log) by extensions ['ignore', 'ignore_ament_install']
[2.888s] Level 1:colcon.colcon_core.package_identification:_identify(log) by extension 'ignore'
[2.889s] Level 1:colcon.colcon_core.package_identification:_identify(log) ignored
[2.889s] Level 1:colcon.colcon_core.package_identification:_identify(src) by extensions ['ignore', 'ignore_ament_install']
[2.889s] Level 1:colcon.colcon_core.package_identification:_identify(src) by extension 'ignore'
[2.889s] Level 1:colcon.colcon_core.package_identification:_identify(src) by extension 'ignore_ament_install'
[2.889s] Level 1:colcon.colcon_core.package_identification:_identify(src) by extensions ['colcon_pkg']
[2.889s] Level 1:colcon.colcon_core.package_identification:_identify(src) by extension 'colcon_pkg'
[2.889s] Level 1:colcon.colcon_core.package_identification:_identify(src) by extensions ['colcon_meta']
[2.889s] Level 1:colcon.colcon_core.package_identification:_identify(src) by extension 'colcon_meta'
[2.889s] Level 1:colcon.colcon_core.package_identification:_identify(src) by extensions ['ros']
[2.889s] Level 1:colcon.colcon_core.package_identification:_identify(src) by extension 'ros'
[2.889s] Level 1:colcon.colcon_core.package_identification:_identify(src) by extensions ['cmake', 'python']
[2.889s] Level 1:colcon.colcon_core.package_identification:_identify(src) by extension 'cmake'
[2.889s] Level 1:colcon.colcon_core.package_identification:_identify(src) by extension 'python'
[2.889s] Level 1:colcon.colcon_core.package_identification:_identify(src) by extensions ['python_setup_py']
[2.889s] Level 1:colcon.colcon_core.package_identification:_identify(src) by extension 'python_setup_py'
[2.890s] Level 1:colcon.colcon_core.package_identification:_identify(src/zed_cv) by extensions ['ignore', 'ignore_ament_install']
[2.890s] Level 1:colcon.colcon_core.package_identification:_identify(src/zed_cv) by extension 'ignore'
[2.890s] Level 1:colcon.colcon_core.package_identification:_identify(src/zed_cv) by extension 'ignore_ament_install'
[2.890s] Level 1:colcon.colcon_core.package_identification:_identify(src/zed_cv) by extensions ['colcon_pkg']
[2.890s] Level 1:colcon.colcon_core.package_identification:_identify(src/zed_cv) by extension 'colcon_pkg'
[2.890s] Level 1:colcon.colcon_core.package_identification:_identify(src/zed_cv) by extensions ['colcon_meta']
[2.890s] Level 1:colcon.colcon_core.package_identification:_identify(src/zed_cv) by extension 'colcon_meta'
[2.890s] Level 1:colcon.colcon_core.package_identification:_identify(src/zed_cv) by extensions ['ros']
[2.890s] Level 1:colcon.colcon_core.package_identification:_identify(src/zed_cv) by extension 'ros'
[2.893s] DEBUG:colcon.colcon_core.package_identification:Package 'src/zed_cv' with type 'ros.ament_python' and name 'zed_cv'
[2.893s] Level 1:colcon.colcon_core.package_discovery:discover_packages(recursive) using defaults
[2.893s] Level 1:colcon.colcon_core.package_discovery:discover_packages(ignore) discover
[2.893s] Level 1:colcon.colcon_core.package_discovery:discover_packages(ignore) using defaults
[2.894s] Level 1:colcon.colcon_core.package_discovery:discover_packages(path) discover
[2.894s] Level 1:colcon.colcon_core.package_discovery:discover_packages(path) using defaults
[3.047s] Level 1:colcon.colcon_core.package_discovery:discover_packages(prefix_path) check parameters
[3.047s] Level 1:colcon.colcon_core.package_discovery:discover_packages(prefix_path) discover
[3.182s] DEBUG:colcon.colcon_installed_package_information.package_discovery:Found 256 installed packages in /opt/ros/foxy
[3.185s] Level 1:colcon.colcon_core.package_discovery:discover_packages(prefix_path) using defaults
[6.437s] Level 5:colcon.colcon_core.verb:set package 'zed_cv' build argument 'cmake_args' from command line to 'None'
[6.437s] Level 5:colcon.colcon_core.verb:set package 'zed_cv' build argument 'cmake_target' from command line to 'None'
[6.438s] Level 5:colcon.colcon_core.verb:set package 'zed_cv' build argument 'cmake_target_skip_unavailable' from command line to 'False'
[6.438s] Level 5:colcon.colcon_core.verb:set package 'zed_cv' build argument 'cmake_clean_cache' from command line to 'False'
[6.438s] Level 5:colcon.colcon_core.verb:set package 'zed_cv' build argument 'cmake_clean_first' from command line to 'False'
[6.438s] Level 5:colcon.colcon_core.verb:set package 'zed_cv' build argument 'cmake_force_configure' from command line to 'False'
[6.438s] Level 5:colcon.colcon_core.verb:set package 'zed_cv' build argument 'ament_cmake_args' from command line to 'None'
[6.438s] Level 5:colcon.colcon_core.verb:set package 'zed_cv' build argument 'catkin_cmake_args' from command line to 'None'
[6.438s] Level 5:colcon.colcon_core.verb:set package 'zed_cv' build argument 'catkin_skip_building_tests' from command line to 'False'
[6.438s] DEBUG:colcon.colcon_core.verb:Building package 'zed_cv' with the following arguments: {'ament_cmake_args': None, 'build_base': '/home/jasper/dev/zed_opencv_pi/build/zed_cv', 'catkin_cmake_args': None, 'catkin_skip_building_tests': False, 'cmake_args': None, 'cmake_clean_cache': False, 'cmake_clean_first': False, 'cmake_force_configure': False, 'cmake_target': None, 'cmake_target_skip_unavailable': False, 'install_base': '/home/jasper/dev/zed_opencv_pi/install/zed_cv', 'merge_install': False, 'path': '/home/jasper/dev/zed_opencv_pi/src/zed_cv', 'symlink_install': False, 'test_result_base': None}
[6.444s] INFO:colcon.colcon_core.executor:Executing jobs using 'parallel' executor
[6.465s] DEBUG:colcon.colcon_parallel_executor.executor.parallel:run_until_complete
[6.465s] INFO:colcon.colcon_ros.task.ament_python.build:Building ROS package in '/home/jasper/dev/zed_opencv_pi/src/zed_cv' with build type 'ament_python'
[6.465s] Level 1:colcon.colcon_core.shell:create_environment_hook('zed_cv', 'ament_prefix_path')
[6.626s] INFO:colcon.colcon_core.plugin_system:Skipping extension 'colcon_core.shell.bat': Not used on non-Windows systems
[6.627s] INFO:colcon.colcon_core.shell:Creating environment hook '/home/jasper/dev/zed_opencv_pi/install/zed_cv/share/zed_cv/hook/ament_prefix_path.ps1'
[6.630s] INFO:colcon.colcon_core.shell:Creating environment descriptor '/home/jasper/dev/zed_opencv_pi/install/zed_cv/share/zed_cv/hook/ament_prefix_path.dsv'
[6.652s] INFO:colcon.colcon_core.shell:Creating environment hook '/home/jasper/dev/zed_opencv_pi/install/zed_cv/share/zed_cv/hook/ament_prefix_path.sh'
[6.667s] INFO:colcon.colcon_core.shell:Skip shell extension 'powershell' for command environment: Not usable outside of PowerShell
[6.667s] DEBUG:colcon.colcon_core.shell:Skip shell extension 'dsv' for command environment
[7.414s] INFO:colcon.colcon_core.task.python.build:Building Python package in '/home/jasper/dev/zed_opencv_pi/src/zed_cv'
[7.423s] INFO:colcon.colcon_core.shell:Skip shell extension 'powershell' for command environment: Not usable outside of PowerShell
[7.423s] DEBUG:colcon.colcon_core.shell:Skip shell extension 'dsv' for command environment
[9.505s] DEBUG:colcon.colcon_core.event_handler.log_command:Invoking command in '/home/jasper/dev/zed_opencv_pi/src/zed_cv': PYTHONPATH=/home/jasper/dev/zed_opencv_pi/install/zed_cv/lib/python3.8/site-packages:${PYTHONPATH} /usr/bin/python3 setup.py egg_info --egg-base ../../build/zed_cv build --build-base /home/jasper/dev/zed_opencv_pi/build/zed_cv/build install --prefix /home/jasper/dev/zed_opencv_pi/install/zed_cv --record /home/jasper/dev/zed_opencv_pi/build/zed_cv/install.log --single-version-externally-managed
[10.475s] DEBUG:colcon.colcon_core.event_handler.log_command:Invoked command in '/home/jasper/dev/zed_opencv_pi/src/zed_cv' returned '0': PYTHONPATH=/home/jasper/dev/zed_opencv_pi/install/zed_cv/lib/python3.8/site-packages:${PYTHONPATH} /usr/bin/python3 setup.py egg_info --egg-base ../../build/zed_cv build --build-base /home/jasper/dev/zed_opencv_pi/build/zed_cv/build install --prefix /home/jasper/dev/zed_opencv_pi/install/zed_cv --record /home/jasper/dev/zed_opencv_pi/build/zed_cv/install.log --single-version-externally-managed
[10.578s] Level 1:colcon.colcon_core.environment:checking '/home/jasper/dev/zed_opencv_pi/install/zed_cv' for CMake module files
[10.580s] Level 1:colcon.colcon_core.environment:checking '/home/jasper/dev/zed_opencv_pi/install/zed_cv' for CMake config files
[10.583s] Level 1:colcon.colcon_core.environment:checking '/home/jasper/dev/zed_opencv_pi/install/zed_cv/lib'
[10.584s] Level 1:colcon.colcon_core.environment:checking '/home/jasper/dev/zed_opencv_pi/install/zed_cv/bin'
[10.585s] Level 1:colcon.colcon_core.environment:checking '/home/jasper/dev/zed_opencv_pi/install/zed_cv/lib/pkgconfig/zed_cv.pc'
[10.586s] Level 1:colcon.colcon_core.environment:checking '/home/jasper/dev/zed_opencv_pi/install/zed_cv/lib/python3.8/site-packages'
[10.587s] Level 1:colcon.colcon_core.shell:create_environment_hook('zed_cv', 'pythonpath')
[10.610s] INFO:colcon.colcon_core.shell:Creating environment hook '/home/jasper/dev/zed_opencv_pi/install/zed_cv/share/zed_cv/hook/pythonpath.ps1'
[10.612s] INFO:colcon.colcon_core.shell:Creating environment descriptor '/home/jasper/dev/zed_opencv_pi/install/zed_cv/share/zed_cv/hook/pythonpath.dsv'
[10.614s] INFO:colcon.colcon_core.shell:Creating environment hook '/home/jasper/dev/zed_opencv_pi/install/zed_cv/share/zed_cv/hook/pythonpath.sh'
[10.617s] Level 1:colcon.colcon_core.environment:checking '/home/jasper/dev/zed_opencv_pi/install/zed_cv/bin'
[10.618s] Level 1:colcon.colcon_core.environment:create_environment_scripts_only(zed_cv)
[10.638s] INFO:colcon.colcon_core.shell:Creating package script '/home/jasper/dev/zed_opencv_pi/install/zed_cv/share/zed_cv/package.ps1'
[10.712s] INFO:colcon.colcon_core.shell:Creating package descriptor '/home/jasper/dev/zed_opencv_pi/install/zed_cv/share/zed_cv/package.dsv'
[10.765s] INFO:colcon.colcon_core.shell:Creating package script '/home/jasper/dev/zed_opencv_pi/install/zed_cv/share/zed_cv/package.sh'
[10.768s] INFO:colcon.colcon_core.shell:Creating package script '/home/jasper/dev/zed_opencv_pi/install/zed_cv/share/zed_cv/package.bash'
[10.853s] INFO:colcon.colcon_core.shell:Creating package script '/home/jasper/dev/zed_opencv_pi/install/zed_cv/share/zed_cv/package.zsh'
[10.857s] Level 1:colcon.colcon_core.environment:create_file_with_runtime_dependencies(/home/jasper/dev/zed_opencv_pi/install/zed_cv/share/colcon-core/packages/zed_cv)
[10.859s] DEBUG:colcon.colcon_parallel_executor.executor.parallel:closing loop
[10.860s] DEBUG:colcon.colcon_parallel_executor.executor.parallel:loop closed
[10.860s] DEBUG:colcon.colcon_parallel_executor.executor.parallel:run_until_complete finished with '0'
[10.860s] DEBUG:colcon.colcon_core.event_reactor:joining thread
[11.196s] INFO:colcon.colcon_core.plugin_system:Skipping extension 'colcon_notification.desktop_notification.terminal_notifier': Not used on non-Darwin systems
[11.196s] INFO:colcon.colcon_core.plugin_system:Skipping extension 'colcon_notification.desktop_notification.win32': Not used on non-Windows systems
[11.196s] INFO:colcon.colcon_notification.desktop_notification:Sending desktop notification using 'notify2'
[11.457s] DEBUG:colcon.colcon_core.event_reactor:joined thread
[11.464s] INFO:colcon.colcon_core.shell:Creating prefix script '/home/jasper/dev/zed_opencv_pi/install/local_setup.ps1'
[11.499s] INFO:colcon.colcon_core.shell:Creating prefix util module '/home/jasper/dev/zed_opencv_pi/install/_local_setup_util_ps1.py'
[11.552s] INFO:colcon.colcon_core.shell:Creating prefix chain script '/home/jasper/dev/zed_opencv_pi/install/setup.ps1'
[11.556s] INFO:colcon.colcon_core.shell:Creating prefix script '/home/jasper/dev/zed_opencv_pi/install/local_setup.sh'
[11.557s] INFO:colcon.colcon_core.shell:Creating prefix util module '/home/jasper/dev/zed_opencv_pi/install/_local_setup_util_sh.py'
[11.558s] INFO:colcon.colcon_core.shell:Creating prefix chain script '/home/jasper/dev/zed_opencv_pi/install/setup.sh'
[11.562s] INFO:colcon.colcon_core.shell:Creating prefix script '/home/jasper/dev/zed_opencv_pi/install/local_setup.bash'
[11.582s] INFO:colcon.colcon_core.shell:Creating prefix chain script '/home/jasper/dev/zed_opencv_pi/install/setup.bash'
[11.584s] INFO:colcon.colcon_core.shell:Creating prefix script '/home/jasper/dev/zed_opencv_pi/install/local_setup.zsh'
[11.588s] INFO:colcon.colcon_core.shell:Creating prefix chain script '/home/jasper/dev/zed_opencv_pi/install/setup.zsh'
