[0.630s] DEBUG:colcon:Command line arguments: ['/usr/bin/colcon', 'build']
[0.630s] DEBUG:colcon:Parsed command line arguments: Namespace(allow_overriding=[], ament_cmake_args=None, base_paths=['.'], build_base='build', catkin_cmake_args=None, catkin_skip_building_tests=False, cmake_args=None, cmake_clean_cache=False, cmake_clean_first=False, cmake_force_configure=False, cmake_target=None, cmake_target_skip_unavailable=False, continue_on_error=False, event_handlers=None, executor='parallel', ignore_user_meta=False, install_base='install', log_base=None, log_level=None, main=<bound method BuildVerb.main of <colcon_core.verb.build.BuildVerb object at 0x7fea255ca160>>, merge_install=False, metas=['./colcon.meta'], packages_above=None, packages_above_and_dependencies=None, packages_above_depth=None, packages_end=None, packages_ignore=None, packages_ignore_regex=None, packages_select=None, packages_select_build_failed=False, packages_select_by_dep=None, packages_select_regex=None, packages_select_test_failures=False, packages_skip=None, packages_skip_build_finished=False, packages_skip_by_dep=None, packages_skip_regex=None, packages_skip_test_passed=False, packages_skip_up_to=None, packages_start=None, packages_up_to=None, packages_up_to_regex=None, parallel_workers=4, paths=None, symlink_install=False, test_result_base=None, verb_extension=<colcon_core.verb.build.BuildVerb object at 0x7fea255ca160>, verb_name='build', verb_parser=<colcon_defaults.argument_parser.defaults.DefaultArgumentsDecorator object at 0x7fea24e0fdc0>)
[0.727s] Level 1:colcon.colcon_core.package_discovery:discover_packages(colcon_meta) check parameters
[0.727s] Level 1:colcon.colcon_core.package_discovery:discover_packages(recursive) check parameters
[0.728s] Level 1:colcon.colcon_core.package_discovery:discover_packages(ignore) check parameters
[0.728s] Level 1:colcon.colcon_core.package_discovery:discover_packages(path) check parameters
[0.728s] Level 1:colcon.colcon_core.package_discovery:discover_packages(colcon_meta) discover
[0.728s] Level 1:colcon.colcon_core.package_discovery:discover_packages(recursive) discover
[0.728s] INFO:colcon.colcon_core.package_discovery:Crawling recursively for packages in '/home/jasper/dev/zed_opencv_pi'
[0.728s] Level 1:colcon.colcon_core.package_identification:_identify(.) by extensions ['ignore', 'ignore_ament_install']
[0.728s] Level 1:colcon.colcon_core.package_identification:_identify(.) by extension 'ignore'
[0.728s] Level 1:colcon.colcon_core.package_identification:_identify(.) by extension 'ignore_ament_install'
[0.729s] Level 1:colcon.colcon_core.package_identification:_identify(.) by extensions ['colcon_pkg']
[0.729s] Level 1:colcon.colcon_core.package_identification:_identify(.) by extension 'colcon_pkg'
[0.729s] Level 1:colcon.colcon_core.package_identification:_identify(.) by extensions ['colcon_meta']
[0.729s] Level 1:colcon.colcon_core.package_identification:_identify(.) by extension 'colcon_meta'
[0.729s] Level 1:colcon.colcon_core.package_identification:_identify(.) by extensions ['ros']
[0.729s] Level 1:colcon.colcon_core.package_identification:_identify(.) by extension 'ros'
[0.753s] Level 1:colcon.colcon_core.package_identification:_identify(.) by extensions ['cmake', 'python']
[0.753s] Level 1:colcon.colcon_core.package_identification:_identify(.) by extension 'cmake'
[0.753s] Level 1:colcon.colcon_core.package_identification:_identify(.) by extension 'python'
[0.753s] Level 1:colcon.colcon_core.package_identification:_identify(.) by extensions ['python_setup_py']
[0.753s] Level 1:colcon.colcon_core.package_identification:_identify(.) by extension 'python_setup_py'
[0.754s] Level 1:colcon.colcon_core.package_identification:_identify(build) by extensions ['ignore', 'ignore_ament_install']
[0.754s] Level 1:colcon.colcon_core.package_identification:_identify(build) by extension 'ignore'
[0.754s] Level 1:colcon.colcon_core.package_identification:_identify(build) ignored
[0.754s] Level 1:colcon.colcon_core.package_identification:_identify(install) by extensions ['ignore', 'ignore_ament_install']
[0.755s] Level 1:colcon.colcon_core.package_identification:_identify(install) by extension 'ignore'
[0.755s] Level 1:colcon.colcon_core.package_identification:_identify(install) ignored
[0.755s] Level 1:colcon.colcon_core.package_identification:_identify(log) by extensions ['ignore', 'ignore_ament_install']
[0.755s] Level 1:colcon.colcon_core.package_identification:_identify(log) by extension 'ignore'
[0.755s] Level 1:colcon.colcon_core.package_identification:_identify(log) ignored
[0.755s] Level 1:colcon.colcon_core.package_identification:_identify(src) by extensions ['ignore', 'ignore_ament_install']
[0.756s] Level 1:colcon.colcon_core.package_identification:_identify(src) by extension 'ignore'
[0.756s] Level 1:colcon.colcon_core.package_identification:_identify(src) by extension 'ignore_ament_install'
[0.756s] Level 1:colcon.colcon_core.package_identification:_identify(src) by extensions ['colcon_pkg']
[0.756s] Level 1:colcon.colcon_core.package_identification:_identify(src) by extension 'colcon_pkg'
[0.756s] Level 1:colcon.colcon_core.package_identification:_identify(src) by extensions ['colcon_meta']
[0.756s] Level 1:colcon.colcon_core.package_identification:_identify(src) by extension 'colcon_meta'
[0.756s] Level 1:colcon.colcon_core.package_identification:_identify(src) by extensions ['ros']
[0.756s] Level 1:colcon.colcon_core.package_identification:_identify(src) by extension 'ros'
[0.756s] Level 1:colcon.colcon_core.package_identification:_identify(src) by extensions ['cmake', 'python']
[0.757s] Level 1:colcon.colcon_core.package_identification:_identify(src) by extension 'cmake'
[0.757s] Level 1:colcon.colcon_core.package_identification:_identify(src) by extension 'python'
[0.757s] Level 1:colcon.colcon_core.package_identification:_identify(src) by extensions ['python_setup_py']
[0.757s] Level 1:colcon.colcon_core.package_identification:_identify(src) by extension 'python_setup_py'
[0.757s] Level 1:colcon.colcon_core.package_identification:_identify(src/zed_cv) by extensions ['ignore', 'ignore_ament_install']
[0.757s] Level 1:colcon.colcon_core.package_identification:_identify(src/zed_cv) by extension 'ignore'
[0.757s] Level 1:colcon.colcon_core.package_identification:_identify(src/zed_cv) by extension 'ignore_ament_install'
[0.757s] Level 1:colcon.colcon_core.package_identification:_identify(src/zed_cv) by extensions ['colcon_pkg']
[0.757s] Level 1:colcon.colcon_core.package_identification:_identify(src/zed_cv) by extension 'colcon_pkg'
[0.758s] Level 1:colcon.colcon_core.package_identification:_identify(src/zed_cv) by extensions ['colcon_meta']
[0.758s] Level 1:colcon.colcon_core.package_identification:_identify(src/zed_cv) by extension 'colcon_meta'
[0.758s] Level 1:colcon.colcon_core.package_identification:_identify(src/zed_cv) by extensions ['ros']
[0.758s] Level 1:colcon.colcon_core.package_identification:_identify(src/zed_cv) by extension 'ros'
[0.763s] DEBUG:colcon.colcon_core.package_identification:Package 'src/zed_cv' with type 'ros.ament_python' and name 'zed_cv'
[0.764s] Level 1:colcon.colcon_core.package_discovery:discover_packages(recursive) using defaults
[0.764s] Level 1:colcon.colcon_core.package_discovery:discover_packages(ignore) discover
[0.764s] Level 1:colcon.colcon_core.package_discovery:discover_packages(ignore) using defaults
[0.764s] Level 1:colcon.colcon_core.package_discovery:discover_packages(path) discover
[0.764s] Level 1:colcon.colcon_core.package_discovery:discover_packages(path) using defaults
[0.824s] Level 1:colcon.colcon_core.package_discovery:discover_packages(prefix_path) check parameters
[0.824s] Level 1:colcon.colcon_core.package_discovery:discover_packages(prefix_path) discover
[0.829s] DEBUG:colcon.colcon_installed_package_information.package_discovery:Found 1 installed packages in /home/jasper/dev/zed_opencv_pi/install
[0.832s] DEBUG:colcon.colcon_installed_package_information.package_discovery:Found 256 installed packages in /opt/ros/foxy
[0.834s] Level 1:colcon.colcon_core.package_discovery:discover_packages(prefix_path) using defaults
[0.942s] Level 5:colcon.colcon_core.verb:set package 'zed_cv' build argument 'cmake_args' from command line to 'None'
[0.942s] Level 5:colcon.colcon_core.verb:set package 'zed_cv' build argument 'cmake_target' from command line to 'None'
[0.942s] Level 5:colcon.colcon_core.verb:set package 'zed_cv' build argument 'cmake_target_skip_unavailable' from command line to 'False'
[0.942s] Level 5:colcon.colcon_core.verb:set package 'zed_cv' build argument 'cmake_clean_cache' from command line to 'False'
[0.942s] Level 5:colcon.colcon_core.verb:set package 'zed_cv' build argument 'cmake_clean_first' from command line to 'False'
[0.942s] Level 5:colcon.colcon_core.verb:set package 'zed_cv' build argument 'cmake_force_configure' from command line to 'False'
[0.942s] Level 5:colcon.colcon_core.verb:set package 'zed_cv' build argument 'ament_cmake_args' from command line to 'None'
[0.942s] Level 5:colcon.colcon_core.verb:set package 'zed_cv' build argument 'catkin_cmake_args' from command line to 'None'
[0.942s] Level 5:colcon.colcon_core.verb:set package 'zed_cv' build argument 'catkin_skip_building_tests' from command line to 'False'
[0.942s] DEBUG:colcon.colcon_core.verb:Building package 'zed_cv' with the following arguments: {'ament_cmake_args': None, 'build_base': '/home/jasper/dev/zed_opencv_pi/build/zed_cv', 'catkin_cmake_args': None, 'catkin_skip_building_tests': False, 'cmake_args': None, 'cmake_clean_cache': False, 'cmake_clean_first': False, 'cmake_force_configure': False, 'cmake_target': None, 'cmake_target_skip_unavailable': False, 'install_base': '/home/jasper/dev/zed_opencv_pi/install/zed_cv', 'merge_install': False, 'path': '/home/jasper/dev/zed_opencv_pi/src/zed_cv', 'symlink_install': False, 'test_result_base': None}
[0.946s] INFO:colcon.colcon_core.executor:Executing jobs using 'parallel' executor
[0.959s] DEBUG:colcon.colcon_parallel_executor.executor.parallel:run_until_complete
[0.959s] INFO:colcon.colcon_ros.task.ament_python.build:Building ROS package in '/home/jasper/dev/zed_opencv_pi/src/zed_cv' with build type 'ament_python'
[0.960s] Level 1:colcon.colcon_core.shell:create_environment_hook('zed_cv', 'ament_prefix_path')
[0.975s] INFO:colcon.colcon_core.plugin_system:Skipping extension 'colcon_core.shell.bat': Not used on non-Windows systems
[0.976s] INFO:colcon.colcon_core.shell:Creating environment hook '/home/jasper/dev/zed_opencv_pi/install/zed_cv/share/zed_cv/hook/ament_prefix_path.ps1'
[0.977s] INFO:colcon.colcon_core.shell:Creating environment descriptor '/home/jasper/dev/zed_opencv_pi/install/zed_cv/share/zed_cv/hook/ament_prefix_path.dsv'
[0.978s] INFO:colcon.colcon_core.shell:Creating environment hook '/home/jasper/dev/zed_opencv_pi/install/zed_cv/share/zed_cv/hook/ament_prefix_path.sh'
[0.988s] INFO:colcon.colcon_core.shell:Skip shell extension 'powershell' for command environment: Not usable outside of PowerShell
[0.988s] DEBUG:colcon.colcon_core.shell:Skip shell extension 'dsv' for command environment
[1.603s] INFO:colcon.colcon_core.task.python.build:Building Python package in '/home/jasper/dev/zed_opencv_pi/src/zed_cv'
[1.611s] INFO:colcon.colcon_core.shell:Skip shell extension 'powershell' for command environment: Not usable outside of PowerShell
[1.612s] DEBUG:colcon.colcon_core.shell:Skip shell extension 'dsv' for command environment
[2.638s] DEBUG:colcon.colcon_core.event_handler.log_command:Invoking command in '/home/jasper/dev/zed_opencv_pi/src/zed_cv': PYTHONPATH=/home/jasper/dev/zed_opencv_pi/install/zed_cv/lib/python3.8/site-packages:${PYTHONPATH} /usr/bin/python3 setup.py egg_info --egg-base ../../build/zed_cv build --build-base /home/jasper/dev/zed_opencv_pi/build/zed_cv/build install --prefix /home/jasper/dev/zed_opencv_pi/install/zed_cv --record /home/jasper/dev/zed_opencv_pi/build/zed_cv/install.log --single-version-externally-managed
[3.549s] DEBUG:colcon.colcon_core.event_handler.log_command:Invoked command in '/home/jasper/dev/zed_opencv_pi/src/zed_cv' returned '0': PYTHONPATH=/home/jasper/dev/zed_opencv_pi/install/zed_cv/lib/python3.8/site-packages:${PYTHONPATH} /usr/bin/python3 setup.py egg_info --egg-base ../../build/zed_cv build --build-base /home/jasper/dev/zed_opencv_pi/build/zed_cv/build install --prefix /home/jasper/dev/zed_opencv_pi/install/zed_cv --record /home/jasper/dev/zed_opencv_pi/build/zed_cv/install.log --single-version-externally-managed
[3.562s] Level 1:colcon.colcon_core.environment:checking '/home/jasper/dev/zed_opencv_pi/install/zed_cv' for CMake module files
[3.563s] Level 1:colcon.colcon_core.environment:checking '/home/jasper/dev/zed_opencv_pi/install/zed_cv' for CMake config files
[3.564s] Level 1:colcon.colcon_core.environment:checking '/home/jasper/dev/zed_opencv_pi/install/zed_cv/lib'
[3.565s] Level 1:colcon.colcon_core.environment:checking '/home/jasper/dev/zed_opencv_pi/install/zed_cv/bin'
[3.565s] Level 1:colcon.colcon_core.environment:checking '/home/jasper/dev/zed_opencv_pi/install/zed_cv/lib/pkgconfig/zed_cv.pc'
[3.565s] Level 1:colcon.colcon_core.environment:checking '/home/jasper/dev/zed_opencv_pi/install/zed_cv/lib/python3.8/site-packages'
[3.565s] Level 1:colcon.colcon_core.shell:create_environment_hook('zed_cv', 'pythonpath')
[3.571s] INFO:colcon.colcon_core.shell:Creating environment hook '/home/jasper/dev/zed_opencv_pi/install/zed_cv/share/zed_cv/hook/pythonpath.ps1'
[3.572s] INFO:colcon.colcon_core.shell:Creating environment descriptor '/home/jasper/dev/zed_opencv_pi/install/zed_cv/share/zed_cv/hook/pythonpath.dsv'
[3.573s] INFO:colcon.colcon_core.shell:Creating environment hook '/home/jasper/dev/zed_opencv_pi/install/zed_cv/share/zed_cv/hook/pythonpath.sh'
[3.574s] Level 1:colcon.colcon_core.environment:checking '/home/jasper/dev/zed_opencv_pi/install/zed_cv/bin'
[3.574s] Level 1:colcon.colcon_core.environment:create_environment_scripts_only(zed_cv)
[3.582s] INFO:colcon.colcon_core.shell:Creating package script '/home/jasper/dev/zed_opencv_pi/install/zed_cv/share/zed_cv/package.ps1'
[3.584s] INFO:colcon.colcon_core.shell:Creating package descriptor '/home/jasper/dev/zed_opencv_pi/install/zed_cv/share/zed_cv/package.dsv'
[3.585s] INFO:colcon.colcon_core.shell:Creating package script '/home/jasper/dev/zed_opencv_pi/install/zed_cv/share/zed_cv/package.sh'
[3.586s] INFO:colcon.colcon_core.shell:Creating package script '/home/jasper/dev/zed_opencv_pi/install/zed_cv/share/zed_cv/package.bash'
[3.588s] INFO:colcon.colcon_core.shell:Creating package script '/home/jasper/dev/zed_opencv_pi/install/zed_cv/share/zed_cv/package.zsh'
[3.591s] Level 1:colcon.colcon_core.environment:create_file_with_runtime_dependencies(/home/jasper/dev/zed_opencv_pi/install/zed_cv/share/colcon-core/packages/zed_cv)
[3.592s] DEBUG:colcon.colcon_parallel_executor.executor.parallel:closing loop
[3.592s] DEBUG:colcon.colcon_parallel_executor.executor.parallel:loop closed
[3.593s] DEBUG:colcon.colcon_parallel_executor.executor.parallel:run_until_complete finished with '0'
[3.594s] DEBUG:colcon.colcon_core.event_reactor:joining thread
[3.611s] INFO:colcon.colcon_core.plugin_system:Skipping extension 'colcon_notification.desktop_notification.terminal_notifier': Not used on non-Darwin systems
[3.611s] INFO:colcon.colcon_core.plugin_system:Skipping extension 'colcon_notification.desktop_notification.win32': Not used on non-Windows systems
[3.611s] INFO:colcon.colcon_notification.desktop_notification:Sending desktop notification using 'notify2'
[3.643s] DEBUG:colcon.colcon_core.event_reactor:joined thread
[3.649s] INFO:colcon.colcon_core.shell:Creating prefix script '/home/jasper/dev/zed_opencv_pi/install/local_setup.ps1'
[3.650s] INFO:colcon.colcon_core.shell:Creating prefix util module '/home/jasper/dev/zed_opencv_pi/install/_local_setup_util_ps1.py'
[3.653s] INFO:colcon.colcon_core.shell:Creating prefix chain script '/home/jasper/dev/zed_opencv_pi/install/setup.ps1'
[3.656s] INFO:colcon.colcon_core.shell:Creating prefix script '/home/jasper/dev/zed_opencv_pi/install/local_setup.sh'
[3.657s] INFO:colcon.colcon_core.shell:Creating prefix util module '/home/jasper/dev/zed_opencv_pi/install/_local_setup_util_sh.py'
[3.658s] INFO:colcon.colcon_core.shell:Creating prefix chain script '/home/jasper/dev/zed_opencv_pi/install/setup.sh'
[3.660s] INFO:colcon.colcon_core.shell:Creating prefix script '/home/jasper/dev/zed_opencv_pi/install/local_setup.bash'
[3.661s] INFO:colcon.colcon_core.shell:Creating prefix chain script '/home/jasper/dev/zed_opencv_pi/install/setup.bash'
[3.665s] INFO:colcon.colcon_core.shell:Creating prefix script '/home/jasper/dev/zed_opencv_pi/install/local_setup.zsh'
[3.666s] INFO:colcon.colcon_core.shell:Creating prefix chain script '/home/jasper/dev/zed_opencv_pi/install/setup.zsh'
