[2.468s] DEBUG:colcon:Command line arguments: ['/usr/bin/colcon', 'build']
[2.468s] DEBUG:colcon:Parsed command line arguments: Namespace(allow_overriding=[], ament_cmake_args=None, base_paths=['.'], build_base='build', catkin_cmake_args=None, catkin_skip_building_tests=False, cmake_args=None, cmake_clean_cache=False, cmake_clean_first=False, cmake_force_configure=False, cmake_target=None, cmake_target_skip_unavailable=False, continue_on_error=False, event_handlers=None, executor='parallel', ignore_user_meta=False, install_base='install', log_base=None, log_level=None, main=<bound method BuildVerb.main of <colcon_core.verb.build.BuildVerb object at 0x7f9ed40f4d00>>, merge_install=False, metas=['./colcon.meta'], packages_above=None, packages_above_and_dependencies=None, packages_above_depth=None, packages_end=None, packages_ignore=None, packages_ignore_regex=None, packages_select=None, packages_select_build_failed=False, packages_select_by_dep=None, packages_select_regex=None, packages_select_test_failures=False, packages_skip=None, packages_skip_build_finished=False, packages_skip_by_dep=None, packages_skip_regex=None, packages_skip_test_passed=False, packages_skip_up_to=None, packages_start=None, packages_up_to=None, packages_up_to_regex=None, parallel_workers=4, paths=None, symlink_install=False, test_result_base=None, verb_extension=<colcon_core.verb.build.BuildVerb object at 0x7f9ed40f4d00>, verb_name='build', verb_parser=<colcon_defaults.argument_parser.defaults.DefaultArgumentsDecorator object at 0x7f9ed407cd30>)
[2.791s] Level 1:colcon.colcon_core.package_discovery:discover_packages(colcon_meta) check parameters
[2.791s] Level 1:colcon.colcon_core.package_discovery:discover_packages(recursive) check parameters
[2.792s] Level 1:colcon.colcon_core.package_discovery:discover_packages(ignore) check parameters
[2.792s] Level 1:colcon.colcon_core.package_discovery:discover_packages(path) check parameters
[2.792s] Level 1:colcon.colcon_core.package_discovery:discover_packages(colcon_meta) discover
[2.792s] Level 1:colcon.colcon_core.package_discovery:discover_packages(recursive) discover
[2.792s] INFO:colcon.colcon_core.package_discovery:Crawling recursively for packages in '/home/jasper/dev/zed_opencv_pi'
[2.792s] Level 1:colcon.colcon_core.package_identification:_identify(.) by extensions ['ignore', 'ignore_ament_install']
[2.792s] Level 1:colcon.colcon_core.package_identification:_identify(.) by extension 'ignore'
[2.792s] Level 1:colcon.colcon_core.package_identification:_identify(.) by extension 'ignore_ament_install'
[2.793s] Level 1:colcon.colcon_core.package_identification:_identify(.) by extensions ['colcon_pkg']
[2.793s] Level 1:colcon.colcon_core.package_identification:_identify(.) by extension 'colcon_pkg'
[2.793s] Level 1:colcon.colcon_core.package_identification:_identify(.) by extensions ['colcon_meta']
[2.793s] Level 1:colcon.colcon_core.package_identification:_identify(.) by extension 'colcon_meta'
[2.793s] Level 1:colcon.colcon_core.package_identification:_identify(.) by extensions ['ros']
[2.793s] Level 1:colcon.colcon_core.package_identification:_identify(.) by extension 'ros'
[2.885s] Level 1:colcon.colcon_core.package_identification:_identify(.) by extensions ['cmake', 'python']
[2.886s] Level 1:colcon.colcon_core.package_identification:_identify(.) by extension 'cmake'
[2.886s] Level 1:colcon.colcon_core.package_identification:_identify(.) by extension 'python'
[2.886s] Level 1:colcon.colcon_core.package_identification:_identify(.) by extensions ['python_setup_py']
[2.886s] Level 1:colcon.colcon_core.package_identification:_identify(.) by extension 'python_setup_py'
[2.886s] Level 1:colcon.colcon_core.package_identification:_identify(build) by extensions ['ignore', 'ignore_ament_install']
[2.887s] Level 1:colcon.colcon_core.package_identification:_identify(build) by extension 'ignore'
[2.887s] Level 1:colcon.colcon_core.package_identification:_identify(build) ignored
[2.887s] Level 1:colcon.colcon_core.package_identification:_identify(install) by extensions ['ignore', 'ignore_ament_install']
[2.888s] Level 1:colcon.colcon_core.package_identification:_identify(install) by extension 'ignore'
[2.888s] Level 1:colcon.colcon_core.package_identification:_identify(install) ignored
[2.888s] Level 1:colcon.colcon_core.package_identification:_identify(log) by extensions ['ignore', 'ignore_ament_install']
[2.888s] Level 1:colcon.colcon_core.package_identification:_identify(log) by extension 'ignore'
[2.888s] Level 1:colcon.colcon_core.package_identification:_identify(log) ignored
[2.888s] Level 1:colcon.colcon_core.package_identification:_identify(src) by extensions ['ignore', 'ignore_ament_install']
[2.889s] Level 1:colcon.colcon_core.package_identification:_identify(src) by extension 'ignore'
[2.889s] Level 1:colcon.colcon_core.package_identification:_identify(src) by extension 'ignore_ament_install'
[2.889s] Level 1:colcon.colcon_core.package_identification:_identify(src) by extensions ['colcon_pkg']
[2.889s] Level 1:colcon.colcon_core.package_identification:_identify(src) by extension 'colcon_pkg'
[2.889s] Level 1:colcon.colcon_core.package_identification:_identify(src) by extensions ['colcon_meta']
[2.889s] Level 1:colcon.colcon_core.package_identification:_identify(src) by extension 'colcon_meta'
[2.889s] Level 1:colcon.colcon_core.package_identification:_identify(src) by extensions ['ros']
[2.889s] Level 1:colcon.colcon_core.package_identification:_identify(src) by extension 'ros'
[2.889s] Level 1:colcon.colcon_core.package_identification:_identify(src) by extensions ['cmake', 'python']
[2.889s] Level 1:colcon.colcon_core.package_identification:_identify(src) by extension 'cmake'
[2.890s] Level 1:colcon.colcon_core.package_identification:_identify(src) by extension 'python'
[2.890s] Level 1:colcon.colcon_core.package_identification:_identify(src) by extensions ['python_setup_py']
[2.890s] Level 1:colcon.colcon_core.package_identification:_identify(src) by extension 'python_setup_py'
[2.890s] Level 1:colcon.colcon_core.package_identification:_identify(src/zed_cv) by extensions ['ignore', 'ignore_ament_install']
[2.890s] Level 1:colcon.colcon_core.package_identification:_identify(src/zed_cv) by extension 'ignore'
[2.890s] Level 1:colcon.colcon_core.package_identification:_identify(src/zed_cv) by extension 'ignore_ament_install'
[2.890s] Level 1:colcon.colcon_core.package_identification:_identify(src/zed_cv) by extensions ['colcon_pkg']
[2.890s] Level 1:colcon.colcon_core.package_identification:_identify(src/zed_cv) by extension 'colcon_pkg'
[2.890s] Level 1:colcon.colcon_core.package_identification:_identify(src/zed_cv) by extensions ['colcon_meta']
[2.890s] Level 1:colcon.colcon_core.package_identification:_identify(src/zed_cv) by extension 'colcon_meta'
[2.891s] Level 1:colcon.colcon_core.package_identification:_identify(src/zed_cv) by extensions ['ros']
[2.891s] Level 1:colcon.colcon_core.package_identification:_identify(src/zed_cv) by extension 'ros'
[2.896s] DEBUG:colcon.colcon_core.package_identification:Package 'src/zed_cv' with type 'ros.ament_python' and name 'zed_cv'
[2.897s] Level 1:colcon.colcon_core.package_discovery:discover_packages(recursive) using defaults
[2.897s] Level 1:colcon.colcon_core.package_discovery:discover_packages(ignore) discover
[2.897s] Level 1:colcon.colcon_core.package_discovery:discover_packages(ignore) using defaults
[2.897s] Level 1:colcon.colcon_core.package_discovery:discover_packages(path) discover
[2.897s] Level 1:colcon.colcon_core.package_discovery:discover_packages(path) using defaults
[3.115s] Level 1:colcon.colcon_core.package_discovery:discover_packages(prefix_path) check parameters
[3.116s] Level 1:colcon.colcon_core.package_discovery:discover_packages(prefix_path) discover
[3.163s] DEBUG:colcon.colcon_installed_package_information.package_discovery:Found 256 installed packages in /opt/ros/foxy
[3.167s] Level 1:colcon.colcon_core.package_discovery:discover_packages(prefix_path) using defaults
[3.954s] Level 5:colcon.colcon_core.verb:set package 'zed_cv' build argument 'cmake_args' from command line to 'None'
[3.954s] Level 5:colcon.colcon_core.verb:set package 'zed_cv' build argument 'cmake_target' from command line to 'None'
[3.954s] Level 5:colcon.colcon_core.verb:set package 'zed_cv' build argument 'cmake_target_skip_unavailable' from command line to 'False'
[3.954s] Level 5:colcon.colcon_core.verb:set package 'zed_cv' build argument 'cmake_clean_cache' from command line to 'False'
[3.954s] Level 5:colcon.colcon_core.verb:set package 'zed_cv' build argument 'cmake_clean_first' from command line to 'False'
[3.954s] Level 5:colcon.colcon_core.verb:set package 'zed_cv' build argument 'cmake_force_configure' from command line to 'False'
[3.954s] Level 5:colcon.colcon_core.verb:set package 'zed_cv' build argument 'ament_cmake_args' from command line to 'None'
[3.954s] Level 5:colcon.colcon_core.verb:set package 'zed_cv' build argument 'catkin_cmake_args' from command line to 'None'
[3.954s] Level 5:colcon.colcon_core.verb:set package 'zed_cv' build argument 'catkin_skip_building_tests' from command line to 'False'
[3.954s] DEBUG:colcon.colcon_core.verb:Building package 'zed_cv' with the following arguments: {'ament_cmake_args': None, 'build_base': '/home/jasper/dev/zed_opencv_pi/build/zed_cv', 'catkin_cmake_args': None, 'catkin_skip_building_tests': False, 'cmake_args': None, 'cmake_clean_cache': False, 'cmake_clean_first': False, 'cmake_force_configure': False, 'cmake_target': None, 'cmake_target_skip_unavailable': False, 'install_base': '/home/jasper/dev/zed_opencv_pi/install/zed_cv', 'merge_install': False, 'path': '/home/jasper/dev/zed_opencv_pi/src/zed_cv', 'symlink_install': False, 'test_result_base': None}
[3.958s] INFO:colcon.colcon_core.executor:Executing jobs using 'parallel' executor
[3.981s] DEBUG:colcon.colcon_parallel_executor.executor.parallel:run_until_complete
[3.982s] INFO:colcon.colcon_ros.task.ament_python.build:Building ROS package in '/home/jasper/dev/zed_opencv_pi/src/zed_cv' with build type 'ament_python'
[3.982s] Level 1:colcon.colcon_core.shell:create_environment_hook('zed_cv', 'ament_prefix_path')
[4.150s] INFO:colcon.colcon_core.plugin_system:Skipping extension 'colcon_core.shell.bat': Not used on non-Windows systems
[4.151s] INFO:colcon.colcon_core.shell:Creating environment hook '/home/jasper/dev/zed_opencv_pi/install/zed_cv/share/zed_cv/hook/ament_prefix_path.ps1'
[4.153s] INFO:colcon.colcon_core.shell:Creating environment descriptor '/home/jasper/dev/zed_opencv_pi/install/zed_cv/share/zed_cv/hook/ament_prefix_path.dsv'
[4.164s] INFO:colcon.colcon_core.shell:Creating environment hook '/home/jasper/dev/zed_opencv_pi/install/zed_cv/share/zed_cv/hook/ament_prefix_path.sh'
[4.174s] INFO:colcon.colcon_core.shell:Skip shell extension 'powershell' for command environment: Not usable outside of PowerShell
[4.174s] DEBUG:colcon.colcon_core.shell:Skip shell extension 'dsv' for command environment
[5.053s] INFO:colcon.colcon_core.task.python.build:Building Python package in '/home/jasper/dev/zed_opencv_pi/src/zed_cv'
[5.061s] INFO:colcon.colcon_core.shell:Skip shell extension 'powershell' for command environment: Not usable outside of PowerShell
[5.061s] DEBUG:colcon.colcon_core.shell:Skip shell extension 'dsv' for command environment
[7.282s] DEBUG:colcon.colcon_core.event_handler.log_command:Invoking command in '/home/jasper/dev/zed_opencv_pi/src/zed_cv': PYTHONPATH=/home/jasper/dev/zed_opencv_pi/install/zed_cv/lib/python3.8/site-packages:${PYTHONPATH} /usr/bin/python3 setup.py egg_info --egg-base ../../build/zed_cv build --build-base /home/jasper/dev/zed_opencv_pi/build/zed_cv/build install --prefix /home/jasper/dev/zed_opencv_pi/install/zed_cv --record /home/jasper/dev/zed_opencv_pi/build/zed_cv/install.log --single-version-externally-managed
[8.618s] DEBUG:colcon.colcon_core.event_handler.log_command:Invoked command in '/home/jasper/dev/zed_opencv_pi/src/zed_cv' returned '0': PYTHONPATH=/home/jasper/dev/zed_opencv_pi/install/zed_cv/lib/python3.8/site-packages:${PYTHONPATH} /usr/bin/python3 setup.py egg_info --egg-base ../../build/zed_cv build --build-base /home/jasper/dev/zed_opencv_pi/build/zed_cv/build install --prefix /home/jasper/dev/zed_opencv_pi/install/zed_cv --record /home/jasper/dev/zed_opencv_pi/build/zed_cv/install.log --single-version-externally-managed
[8.701s] Level 1:colcon.colcon_core.environment:checking '/home/jasper/dev/zed_opencv_pi/install/zed_cv' for CMake module files
[8.703s] Level 1:colcon.colcon_core.environment:checking '/home/jasper/dev/zed_opencv_pi/install/zed_cv' for CMake config files
[8.704s] Level 1:colcon.colcon_core.environment:checking '/home/jasper/dev/zed_opencv_pi/install/zed_cv/lib'
[8.705s] Level 1:colcon.colcon_core.environment:checking '/home/jasper/dev/zed_opencv_pi/install/zed_cv/bin'
[8.705s] Level 1:colcon.colcon_core.environment:checking '/home/jasper/dev/zed_opencv_pi/install/zed_cv/lib/pkgconfig/zed_cv.pc'
[8.705s] Level 1:colcon.colcon_core.environment:checking '/home/jasper/dev/zed_opencv_pi/install/zed_cv/lib/python3.8/site-packages'
[8.705s] Level 1:colcon.colcon_core.shell:create_environment_hook('zed_cv', 'pythonpath')
[8.713s] INFO:colcon.colcon_core.shell:Creating environment hook '/home/jasper/dev/zed_opencv_pi/install/zed_cv/share/zed_cv/hook/pythonpath.ps1'
[8.714s] INFO:colcon.colcon_core.shell:Creating environment descriptor '/home/jasper/dev/zed_opencv_pi/install/zed_cv/share/zed_cv/hook/pythonpath.dsv'
[8.715s] INFO:colcon.colcon_core.shell:Creating environment hook '/home/jasper/dev/zed_opencv_pi/install/zed_cv/share/zed_cv/hook/pythonpath.sh'
[8.716s] Level 1:colcon.colcon_core.environment:checking '/home/jasper/dev/zed_opencv_pi/install/zed_cv/bin'
[8.716s] Level 1:colcon.colcon_core.environment:create_environment_scripts_only(zed_cv)
[8.723s] INFO:colcon.colcon_core.shell:Creating package script '/home/jasper/dev/zed_opencv_pi/install/zed_cv/share/zed_cv/package.ps1'
[8.769s] INFO:colcon.colcon_core.shell:Creating package descriptor '/home/jasper/dev/zed_opencv_pi/install/zed_cv/share/zed_cv/package.dsv'
[8.799s] INFO:colcon.colcon_core.shell:Creating package script '/home/jasper/dev/zed_opencv_pi/install/zed_cv/share/zed_cv/package.sh'
[8.800s] INFO:colcon.colcon_core.shell:Creating package script '/home/jasper/dev/zed_opencv_pi/install/zed_cv/share/zed_cv/package.bash'
[8.831s] INFO:colcon.colcon_core.shell:Creating package script '/home/jasper/dev/zed_opencv_pi/install/zed_cv/share/zed_cv/package.zsh'
[8.837s] Level 1:colcon.colcon_core.environment:create_file_with_runtime_dependencies(/home/jasper/dev/zed_opencv_pi/install/zed_cv/share/colcon-core/packages/zed_cv)
[8.838s] DEBUG:colcon.colcon_parallel_executor.executor.parallel:closing loop
[8.839s] DEBUG:colcon.colcon_parallel_executor.executor.parallel:loop closed
[8.839s] DEBUG:colcon.colcon_parallel_executor.executor.parallel:run_until_complete finished with '0'
[8.840s] DEBUG:colcon.colcon_core.event_reactor:joining thread
[8.958s] INFO:colcon.colcon_core.plugin_system:Skipping extension 'colcon_notification.desktop_notification.terminal_notifier': Not used on non-Darwin systems
[8.958s] INFO:colcon.colcon_core.plugin_system:Skipping extension 'colcon_notification.desktop_notification.win32': Not used on non-Windows systems
[8.958s] INFO:colcon.colcon_notification.desktop_notification:Sending desktop notification using 'notify2'
[9.053s] DEBUG:colcon.colcon_core.event_reactor:joined thread
[9.061s] INFO:colcon.colcon_core.shell:Creating prefix script '/home/jasper/dev/zed_opencv_pi/install/local_setup.ps1'
[9.081s] INFO:colcon.colcon_core.shell:Creating prefix util module '/home/jasper/dev/zed_opencv_pi/install/_local_setup_util_ps1.py'
[9.112s] INFO:colcon.colcon_core.shell:Creating prefix chain script '/home/jasper/dev/zed_opencv_pi/install/setup.ps1'
[9.120s] INFO:colcon.colcon_core.shell:Creating prefix script '/home/jasper/dev/zed_opencv_pi/install/local_setup.sh'
[9.122s] INFO:colcon.colcon_core.shell:Creating prefix util module '/home/jasper/dev/zed_opencv_pi/install/_local_setup_util_sh.py'
[9.123s] INFO:colcon.colcon_core.shell:Creating prefix chain script '/home/jasper/dev/zed_opencv_pi/install/setup.sh'
[9.127s] INFO:colcon.colcon_core.shell:Creating prefix script '/home/jasper/dev/zed_opencv_pi/install/local_setup.bash'
[9.153s] INFO:colcon.colcon_core.shell:Creating prefix chain script '/home/jasper/dev/zed_opencv_pi/install/setup.bash'
[9.157s] INFO:colcon.colcon_core.shell:Creating prefix script '/home/jasper/dev/zed_opencv_pi/install/local_setup.zsh'
[9.160s] INFO:colcon.colcon_core.shell:Creating prefix chain script '/home/jasper/dev/zed_opencv_pi/install/setup.zsh'
