running egg_info
creating ../../build/zed_cv/zed_cv.egg-info
writing ../../build/zed_cv/zed_cv.egg-info/PKG-INFO
writing dependency_links to ../../build/zed_cv/zed_cv.egg-info/dependency_links.txt
writing entry points to ../../build/zed_cv/zed_cv.egg-info/entry_points.txt
writing requirements to ../../build/zed_cv/zed_cv.egg-info/requires.txt
writing top-level names to ../../build/zed_cv/zed_cv.egg-info/top_level.txt
writing manifest file '../../build/zed_cv/zed_cv.egg-info/SOURCES.txt'
reading manifest file '../../build/zed_cv/zed_cv.egg-info/SOURCES.txt'
writing manifest file '../../build/zed_cv/zed_cv.egg-info/SOURCES.txt'
running build
running build_py
creating /home/jasper/dev/zed_opencv_pi/build/zed_cv/build
creating /home/jasper/dev/zed_opencv_pi/build/zed_cv/build/lib
creating /home/jasper/dev/zed_opencv_pi/build/zed_cv/build/lib/zed_cv
copying zed_cv/__init__.py -> /home/jasper/dev/zed_opencv_pi/build/zed_cv/build/lib/zed_cv
copying zed_cv/zed_pub.py -> /home/jasper/dev/zed_opencv_pi/build/zed_cv/build/lib/zed_cv
copying zed_cv/zed_sub.py -> /home/jasper/dev/zed_opencv_pi/build/zed_cv/build/lib/zed_cv
running install
running install_lib
creating /home/jasper/dev/zed_opencv_pi/install/zed_cv/lib/python3.8/site-packages/zed_cv
copying /home/jasper/dev/zed_opencv_pi/build/zed_cv/build/lib/zed_cv/__init__.py -> /home/jasper/dev/zed_opencv_pi/install/zed_cv/lib/python3.8/site-packages/zed_cv
copying /home/jasper/dev/zed_opencv_pi/build/zed_cv/build/lib/zed_cv/zed_pub.py -> /home/jasper/dev/zed_opencv_pi/install/zed_cv/lib/python3.8/site-packages/zed_cv
copying /home/jasper/dev/zed_opencv_pi/build/zed_cv/build/lib/zed_cv/zed_sub.py -> /home/jasper/dev/zed_opencv_pi/install/zed_cv/lib/python3.8/site-packages/zed_cv
byte-compiling /home/jasper/dev/zed_opencv_pi/install/zed_cv/lib/python3.8/site-packages/zed_cv/__init__.py to __init__.cpython-38.pyc
byte-compiling /home/jasper/dev/zed_opencv_pi/install/zed_cv/lib/python3.8/site-packages/zed_cv/zed_pub.py to zed_pub.cpython-38.pyc
byte-compiling /home/jasper/dev/zed_opencv_pi/install/zed_cv/lib/python3.8/site-packages/zed_cv/zed_sub.py to zed_sub.cpython-38.pyc
running install_data
creating /home/jasper/dev/zed_opencv_pi/install/zed_cv/share/ament_index
creating /home/jasper/dev/zed_opencv_pi/install/zed_cv/share/ament_index/resource_index
creating /home/jasper/dev/zed_opencv_pi/install/zed_cv/share/ament_index/resource_index/packages
copying resource/zed_cv -> /home/jasper/dev/zed_opencv_pi/install/zed_cv/share/ament_index/resource_index/packages
copying package.xml -> /home/jasper/dev/zed_opencv_pi/install/zed_cv/share/zed_cv
running install_egg_info
Copying ../../build/zed_cv/zed_cv.egg-info to /home/jasper/dev/zed_opencv_pi/install/zed_cv/lib/python3.8/site-packages/zed_cv-0.0.0-py3.8.egg-info
running install_scripts
Installing zed_pub script to /home/jasper/dev/zed_opencv_pi/install/zed_cv/lib/zed_cv
Installing zed_sub script to /home/jasper/dev/zed_opencv_pi/install/zed_cv/lib/zed_cv
writing list of installed files to '/home/jasper/dev/zed_opencv_pi/build/zed_cv/install.log'
