[3.038s] Invoking command in '/home/jasper/dev/zed_opencv_pi/src/zed_cv': PYTHONPATH=/home/jasper/dev/zed_opencv_pi/install/zed_cv/lib/python3.8/site-packages:${PYTHONPATH} /usr/bin/python3 setup.py egg_info --egg-base ../../build/zed_cv build --build-base /home/jasper/dev/zed_opencv_pi/build/zed_cv/build install --prefix /home/jasper/dev/zed_opencv_pi/install/zed_cv --record /home/jasper/dev/zed_opencv_pi/build/zed_cv/install.log --single-version-externally-managed
[3.499s] /home/jasper/.local/lib/python3.8/site-packages/setuptools/dist.py:771: UserWarning: Usage of dash-separated 'script-dir' will not be supported in future versions. Please use the underscore name 'script_dir' instead
[3.499s]   warnings.warn(
[3.499s] /home/jasper/.local/lib/python3.8/site-packages/setuptools/dist.py:771: UserWarning: Usage of dash-separated 'install-scripts' will not be supported in future versions. Please use the underscore name 'install_scripts' instead
[3.500s]   warnings.warn(
[3.621s] running egg_info
[3.622s] creating ../../build/zed_cv/zed_cv.egg-info
[3.642s] writing ../../build/zed_cv/zed_cv.egg-info/PKG-INFO
[3.643s] writing dependency_links to ../../build/zed_cv/zed_cv.egg-info/dependency_links.txt
[3.643s] writing entry points to ../../build/zed_cv/zed_cv.egg-info/entry_points.txt
[3.643s] writing requirements to ../../build/zed_cv/zed_cv.egg-info/requires.txt
[3.644s] writing top-level names to ../../build/zed_cv/zed_cv.egg-info/top_level.txt
[3.683s] writing manifest file '../../build/zed_cv/zed_cv.egg-info/SOURCES.txt'
[3.723s] reading manifest file '../../build/zed_cv/zed_cv.egg-info/SOURCES.txt'
[3.724s] writing manifest file '../../build/zed_cv/zed_cv.egg-info/SOURCES.txt'
[3.725s] running build
[3.725s] running build_py
[3.725s] creating /home/jasper/dev/zed_opencv_pi/build/zed_cv/build
[3.725s] creating /home/jasper/dev/zed_opencv_pi/build/zed_cv/build/lib
[3.726s] creating /home/jasper/dev/zed_opencv_pi/build/zed_cv/build/lib/zed_cv
[3.726s] copying zed_cv/__init__.py -> /home/jasper/dev/zed_opencv_pi/build/zed_cv/build/lib/zed_cv
[3.726s] copying zed_cv/zed_pub.py -> /home/jasper/dev/zed_opencv_pi/build/zed_cv/build/lib/zed_cv
[3.726s] copying zed_cv/zed_sub.py -> /home/jasper/dev/zed_opencv_pi/build/zed_cv/build/lib/zed_cv
[3.726s] running install
[3.756s] /home/jasper/.local/lib/python3.8/site-packages/setuptools/command/install.py:34: SetuptoolsDeprecationWarning: setup.py install is deprecated. Use build and pip and other standards-based tools.
[3.756s]   warnings.warn(
[3.770s] running install_lib
[3.791s] creating /home/jasper/dev/zed_opencv_pi/install/zed_cv/lib/python3.8/site-packages/zed_cv
[3.791s] copying /home/jasper/dev/zed_opencv_pi/build/zed_cv/build/lib/zed_cv/__init__.py -> /home/jasper/dev/zed_opencv_pi/install/zed_cv/lib/python3.8/site-packages/zed_cv
[3.792s] copying /home/jasper/dev/zed_opencv_pi/build/zed_cv/build/lib/zed_cv/zed_pub.py -> /home/jasper/dev/zed_opencv_pi/install/zed_cv/lib/python3.8/site-packages/zed_cv
[3.792s] copying /home/jasper/dev/zed_opencv_pi/build/zed_cv/build/lib/zed_cv/zed_sub.py -> /home/jasper/dev/zed_opencv_pi/install/zed_cv/lib/python3.8/site-packages/zed_cv
[3.792s] byte-compiling /home/jasper/dev/zed_opencv_pi/install/zed_cv/lib/python3.8/site-packages/zed_cv/__init__.py to __init__.cpython-38.pyc
[3.793s] byte-compiling /home/jasper/dev/zed_opencv_pi/install/zed_cv/lib/python3.8/site-packages/zed_cv/zed_pub.py to zed_pub.cpython-38.pyc
[3.793s] byte-compiling /home/jasper/dev/zed_opencv_pi/install/zed_cv/lib/python3.8/site-packages/zed_cv/zed_sub.py to zed_sub.cpython-38.pyc
[3.794s] running install_data
[3.815s] creating /home/jasper/dev/zed_opencv_pi/install/zed_cv/share/ament_index
[3.815s] creating /home/jasper/dev/zed_opencv_pi/install/zed_cv/share/ament_index/resource_index
[3.815s] creating /home/jasper/dev/zed_opencv_pi/install/zed_cv/share/ament_index/resource_index/packages
[3.816s] copying resource/zed_cv -> /home/jasper/dev/zed_opencv_pi/install/zed_cv/share/ament_index/resource_index/packages
[3.816s] copying package.xml -> /home/jasper/dev/zed_opencv_pi/install/zed_cv/share/zed_cv
[3.816s] running install_egg_info
[3.837s] Copying ../../build/zed_cv/zed_cv.egg-info to /home/jasper/dev/zed_opencv_pi/install/zed_cv/lib/python3.8/site-packages/zed_cv-0.0.0-py3.8.egg-info
[3.839s] running install_scripts
[3.930s] Installing zed_pub script to /home/jasper/dev/zed_opencv_pi/install/zed_cv/lib/zed_cv
[3.931s] Installing zed_sub script to /home/jasper/dev/zed_opencv_pi/install/zed_cv/lib/zed_cv
[3.931s] writing list of installed files to '/home/jasper/dev/zed_opencv_pi/build/zed_cv/install.log'
[4.008s] Invoked command in '/home/jasper/dev/zed_opencv_pi/src/zed_cv' returned '0': PYTHONPATH=/home/jasper/dev/zed_opencv_pi/install/zed_cv/lib/python3.8/site-packages:${PYTHONPATH} /usr/bin/python3 setup.py egg_info --egg-base ../../build/zed_cv build --build-base /home/jasper/dev/zed_opencv_pi/build/zed_cv/build install --prefix /home/jasper/dev/zed_opencv_pi/install/zed_cv --record /home/jasper/dev/zed_opencv_pi/build/zed_cv/install.log --single-version-externally-managed
