/home/jasper/.local/lib/python3.8/site-packages/setuptools/dist.py:771: UserWarning: Usage of dash-separated 'script-dir' will not be supported in future versions. Please use the underscore name 'script_dir' instead
  warnings.warn(
/home/jasper/.local/lib/python3.8/site-packages/setuptools/dist.py:771: UserWarning: Usage of dash-separated 'install-scripts' will not be supported in future versions. Please use the underscore name 'install_scripts' instead
  warnings.warn(
running egg_info
writing ../../build/zed_cv/zed_cv.egg-info/PKG-INFO
writing dependency_links to ../../build/zed_cv/zed_cv.egg-info/dependency_links.txt
writing entry points to ../../build/zed_cv/zed_cv.egg-info/entry_points.txt
writing requirements to ../../build/zed_cv/zed_cv.egg-info/requires.txt
writing top-level names to ../../build/zed_cv/zed_cv.egg-info/top_level.txt
reading manifest file '../../build/zed_cv/zed_cv.egg-info/SOURCES.txt'
writing manifest file '../../build/zed_cv/zed_cv.egg-info/SOURCES.txt'
running build
running build_py
copying zed_cv/zed_pub.py -> /home/jasper/dev/zed_opencv_pi/build/zed_cv/build/lib/zed_cv
running install
/home/jasper/.local/lib/python3.8/site-packages/setuptools/command/install.py:34: SetuptoolsDeprecationWarning: setup.py install is deprecated. Use build and pip and other standards-based tools.
  warnings.warn(
running install_lib
copying /home/jasper/dev/zed_opencv_pi/build/zed_cv/build/lib/zed_cv/zed_pub.py -> /home/jasper/dev/zed_opencv_pi/install/zed_cv/lib/python3.8/site-packages/zed_cv
byte-compiling /home/jasper/dev/zed_opencv_pi/install/zed_cv/lib/python3.8/site-packages/zed_cv/zed_pub.py to zed_pub.cpython-38.pyc
running install_data
running install_egg_info
removing '/home/jasper/dev/zed_opencv_pi/install/zed_cv/lib/python3.8/site-packages/zed_cv-0.0.0-py3.8.egg-info' (and everything under it)
Copying ../../build/zed_cv/zed_cv.egg-info to /home/jasper/dev/zed_opencv_pi/install/zed_cv/lib/python3.8/site-packages/zed_cv-0.0.0-py3.8.egg-info
running install_scripts
Installing zed_pub script to /home/jasper/dev/zed_opencv_pi/install/zed_cv/lib/zed_cv
Installing zed_sub script to /home/jasper/dev/zed_opencv_pi/install/zed_cv/lib/zed_cv
writing list of installed files to '/home/jasper/dev/zed_opencv_pi/build/zed_cv/install.log'
